{"numFailedTestSuites":1,"numFailedTests":1,"numPassedTestSuites":0,"numPassedTests":0,"numPendingTestSuites":0,"numPendingTests":12,"numRuntimeErrorTestSuites":0,"numTodoTests":0,"numTotalTestSuites":1,"numTotalTests":13,"openHandles":[],"snapshot":{"added":0,"didUpdate":false,"failure":false,"filesAdded":0,"filesRemoved":0,"filesRemovedList":[],"filesUnmatched":0,"filesUpdated":0,"matched":0,"total":0,"unchecked":0,"uncheckedKeysByFile":[],"unmatched":0,"updated":0},"startTime":1772286831439,"success":false,"testResults":[{"assertionResults":[{"ancestorTitles":["DiscoveryGrid"],"duration":null,"failing":false,"failureDetails":[],"failureMessages":[],"fullName":"DiscoveryGrid filters agents by projects array when activeProject is set","invocations":1,"location":null,"numPassingAsserts":0,"retryReasons":[],"startAt":1772286832146,"status":"pending","title":"filters agents by projects array when activeProject is set"},{"ancestorTitles":["DiscoveryGrid"],"duration":null,"failing":false,"failureDetails":[],"failureMessages":[],"fullName":"DiscoveryGrid renders fallback cards when no items match filters","invocations":1,"location":null,"numPassingAsserts":0,"retryReasons":[],"startAt":1772286832146,"status":"pending","title":"renders fallback cards when no items match filters"},{"ancestorTitles":["DiscoveryGrid"],"duration":null,"failing":false,"failureDetails":[],"failureMessages":[],"fullName":"DiscoveryGrid filters items using combined Domain and Tech filters (OR logic)","invocations":1,"location":null,"numPassingAsserts":0,"retryReasons":[],"startAt":1772286832146,"status":"pending","title":"filters items using combined Domain and Tech filters (OR logic)"},{"ancestorTitles":["DiscoveryGrid"],"duration":null,"failing":false,"failureDetails":[],"failureMessages":[],"fullName":"DiscoveryGrid calls setProject when Layers icon is clicked on a prototype","invocations":1,"location":null,"numPassingAsserts":0,"retryReasons":[],"startAt":1772286832146,"status":"pending","title":"calls setProject when Layers icon is clicked on a prototype"},{"ancestorTitles":["DiscoveryGrid"],"duration":null,"failing":false,"failureDetails":[],"failureMessages":[],"fullName":"DiscoveryGrid does not render Layers icon for agent cards","invocations":1,"location":null,"numPassingAsserts":0,"retryReasons":[],"startAt":1772286832146,"status":"pending","title":"does not render Layers icon for agent cards"},{"ancestorTitles":["DiscoveryGrid"],"duration":null,"failing":false,"failureDetails":[],"failureMessages":[],"fullName":"DiscoveryGrid shows truly shared agents in Browse Mode but hides them in Focus Mode","invocations":1,"location":null,"numPassingAsserts":0,"retryReasons":[],"startAt":1772286832146,"status":"pending","title":"shows truly shared agents in Browse Mode but hides them in Focus Mode"},{"ancestorTitles":["DiscoveryGrid"],"duration":null,"failing":false,"failureDetails":[],"failureMessages":[],"fullName":"DiscoveryGrid requires agents to match BOTH project AND domain/tech when both filters are active","invocations":1,"location":null,"numPassingAsserts":0,"retryReasons":[],"startAt":1772286832146,"status":"pending","title":"requires agents to match BOTH project AND domain/tech when both filters are active"},{"ancestorTitles":["DiscoveryGrid"],"duration":null,"failing":false,"failureDetails":[],"failureMessages":[],"fullName":"DiscoveryGrid shows agents matching both active project and active domain","invocations":1,"location":null,"numPassingAsserts":0,"retryReasons":[],"startAt":1772286832146,"status":"pending","title":"shows agents matching both active project and active domain"},{"ancestorTitles":["DiscoveryGrid"],"duration":null,"failing":false,"failureDetails":[],"failureMessages":[],"fullName":"DiscoveryGrid renders errors in the correct columns based on file path","invocations":1,"location":null,"numPassingAsserts":0,"retryReasons":[],"startAt":1772286832146,"status":"pending","title":"renders errors in the correct columns based on file path"},{"ancestorTitles":["DiscoveryGrid"],"duration":null,"failing":false,"failureDetails":[],"failureMessages":[],"fullName":"DiscoveryGrid identifies index.md as overviewDoc and passes it to BlueprintGroup","invocations":1,"location":null,"numPassingAsserts":0,"retryReasons":[],"startAt":1772286832146,"status":"pending","title":"identifies index.md as overviewDoc and passes it to BlueprintGroup"},{"ancestorTitles":["DiscoveryGrid"],"duration":null,"failing":false,"failureDetails":[],"failureMessages":[],"fullName":"DiscoveryGrid does not render overview icon for agent cards","invocations":1,"location":null,"numPassingAsserts":0,"retryReasons":[],"startAt":1772286832146,"status":"pending","title":"does not render overview icon for agent cards"},{"ancestorTitles":["DiscoveryGrid"],"duration":null,"failing":false,"failureDetails":[],"failureMessages":[],"fullName":"DiscoveryGrid identifies docs/index.md as blueprintOverview and uses it for header, while excluding it from rows","invocations":1,"location":null,"numPassingAsserts":0,"retryReasons":[],"startAt":1772286832146,"status":"pending","title":"identifies docs/index.md as blueprintOverview and uses it for header, while excluding it from rows"},{"ancestorTitles":["DiscoveryGrid"],"duration":47,"failing":false,"failureDetails":[{}],"failureMessages":["Error: Expected ID: project-a-content-project-a-docs-index-md. Actual calls: [[\"project-a:index\"]]\n    at Object.<anonymous> (C:\\Users\\Sickl\\.gemini\\antigravity\\Projects\\PlanSpecBuildWorkshop_bmad\\src\\components\\custom\\__tests__\\DiscoveryGrid.test.tsx:399:19)\n    at Promise.finally.completed (C:\\Users\\Sickl\\.gemini\\antigravity\\Projects\\PlanSpecBuildWorkshop_bmad\\node_modules\\jest-circus\\build\\jestAdapterInit.js:1557:28)\n    at new Promise (<anonymous>)\n    at callAsyncCircusFn (C:\\Users\\Sickl\\.gemini\\antigravity\\Projects\\PlanSpecBuildWorkshop_bmad\\node_modules\\jest-circus\\build\\jestAdapterInit.js:1497:10)\n    at _callCircusTest (C:\\Users\\Sickl\\.gemini\\antigravity\\Projects\\PlanSpecBuildWorkshop_bmad\\node_modules\\jest-circus\\build\\jestAdapterInit.js:1007:40)\n    at processTicksAndRejections (node:internal/process/task_queues:103:5)\n    at _runTest (C:\\Users\\Sickl\\.gemini\\antigravity\\Projects\\PlanSpecBuildWorkshop_bmad\\node_modules\\jest-circus\\build\\jestAdapterInit.js:947:3)\n    at C:\\Users\\Sickl\\.gemini\\antigravity\\Projects\\PlanSpecBuildWorkshop_bmad\\node_modules\\jest-circus\\build\\jestAdapterInit.js:849:7\n    at _runTestsForDescribeBlock (C:\\Users\\Sickl\\.gemini\\antigravity\\Projects\\PlanSpecBuildWorkshop_bmad\\node_modules\\jest-circus\\build\\jestAdapterInit.js:862:11)\n    at _runTestsForDescribeBlock (C:\\Users\\Sickl\\.gemini\\antigravity\\Projects\\PlanSpecBuildWorkshop_bmad\\node_modules\\jest-circus\\build\\jestAdapterInit.js:857:11)\n    at run (C:\\Users\\Sickl\\.gemini\\antigravity\\Projects\\PlanSpecBuildWorkshop_bmad\\node_modules\\jest-circus\\build\\jestAdapterInit.js:761:3)\n    at runAndTransformResultsToJestFormat (C:\\Users\\Sickl\\.gemini\\antigravity\\Projects\\PlanSpecBuildWorkshop_bmad\\node_modules\\jest-circus\\build\\jestAdapterInit.js:1918:21)\n    at jestAdapter (C:\\Users\\Sickl\\.gemini\\antigravity\\Projects\\PlanSpecBuildWorkshop_bmad\\node_modules\\jest-circus\\build\\runner.js:101:19)\n    at runTestInternal (C:\\Users\\Sickl\\.gemini\\antigravity\\Projects\\PlanSpecBuildWorkshop_bmad\\node_modules\\jest-runner\\build\\index.js:275:16)\n    at runTest (C:\\Users\\Sickl\\.gemini\\antigravity\\Projects\\PlanSpecBuildWorkshop_bmad\\node_modules\\jest-runner\\build\\index.js:343:7)"],"fullName":"DiscoveryGrid prioritizes docs/index.md over root index.md for BlueprintGroup overview","invocations":1,"location":null,"numPassingAsserts":0,"retryReasons":[],"startAt":1772286832146,"status":"failed","title":"prioritizes docs/index.md over root index.md for BlueprintGroup overview"}],"endTime":1772286832203,"message":"\u001b[1m\u001b[31m  \u001b[1m● \u001b[22m\u001b[1mDiscoveryGrid › prioritizes docs/index.md over root index.md for BlueprintGroup overview\u001b[39m\u001b[22m\n\n    Expected ID: project-a-content-project-a-docs-index-md. Actual calls: [[\"project-a:index\"]]\n\u001b[2m\u001b[22m\n\u001b[2m    \u001b[0m \u001b[90m 397 |\u001b[39m             expect(setDocument)\u001b[33m.\u001b[39mtoHaveBeenCalledWith(\u001b[32m\"project-a-content-project-a-docs-index-md\"\u001b[39m)\u001b[33m;\u001b[39m\u001b[22m\n\u001b[2m     \u001b[90m 398 |\u001b[39m         } \u001b[36mcatch\u001b[39m (e) {\u001b[22m\n\u001b[2m    \u001b[31m\u001b[1m>\u001b[22m\u001b[2m\u001b[39m\u001b[90m 399 |\u001b[39m             \u001b[36mthrow\u001b[39m \u001b[36mnew\u001b[39m \u001b[33mError\u001b[39m(\u001b[32m`Expected ID: project-a-content-project-a-docs-index-md. Actual calls: ${JSON.stringify(setDocument.mock.calls)}`\u001b[39m)\u001b[33m;\u001b[39m\u001b[22m\n\u001b[2m     \u001b[90m     |\u001b[39m                   \u001b[31m\u001b[1m^\u001b[22m\u001b[2m\u001b[39m\u001b[22m\n\u001b[2m     \u001b[90m 400 |\u001b[39m         }\u001b[22m\n\u001b[2m     \u001b[90m 401 |\u001b[39m     })\u001b[33m;\u001b[39m\u001b[22m\n\u001b[2m     \u001b[90m 402 |\u001b[39m })\u001b[33m;\u001b[39m\u001b[0m\u001b[22m\n\u001b[2m\u001b[22m\n\u001b[2m      \u001b[2mat Object.<anonymous> (\u001b[22m\u001b[2m\u001b[0m\u001b[36msrc/components/custom/__tests__/DiscoveryGrid.test.tsx\u001b[39m\u001b[0m\u001b[2m:399:19)\u001b[22m\u001b[2m\u001b[22m\n","name":"C:\\Users\\Sickl\\.gemini\\antigravity\\Projects\\PlanSpecBuildWorkshop_bmad\\src\\components\\custom\\__tests__\\DiscoveryGrid.test.tsx","startTime":1772286831696,"status":"failed","summary":""}],"wasInterrupted":false}
